# JRE version: Java(TM) SE Runtime Environment (8.0_202-b08) (build 1.8.0_202-b08)
# Java VM: Java HotSpot(TM) 64-Bit Server VM (25.202-b08 mixed mode windows-amd64 compressed oops)
Heap:
 PSYoungGen      total 35328K, used 31118K [0x00000000d5d00000, 0x00000000d8280000, 0x0000000100000000)
  eden space 32256K, 88% used [0x00000000d5d00000,0x00000000d78bf9f8,0x00000000d7c80000)
  from space 3072K, 88% used [0x00000000d7f80000,0x00000000d8224030,0x00000000d8280000)
  to   space 3072K, 0% used [0x00000000d7c80000,0x00000000d7c80000,0x00000000d7f80000)
 ParOldGen       total 138240K, used 85024K [0x0000000081600000, 0x0000000089d00000, 0x00000000d5d00000)
  object space 138240K, 61% used [0x0000000081600000,0x00000000869083c8,0x0000000089d00000)
 Metaspace       used 19431K, capacity 19684K, committed 20096K, reserved 1067008K
  class space    used 1725K, capacity 1805K, committed 1920K, reserved 1048576K
GC Heap History (10 events):
Event: 428.025 GC heap before
{Heap before GC invocations=390 (full 2):
 PSYoungGen      total 32256K, used 30616K [0x00000000d5d00000, 0x00000000d8000000, 0x0000000100000000)
  eden space 28672K, 97% used [0x00000000d5d00000,0x00000000d78521c8,0x00000000d7900000)
  from space 3584K, 73% used [0x00000000d7900000,0x00000000d7b94030,0x00000000d7c80000)
  to   space 3584K, 0% used [0x00000000d7c80000,0x00000000d7c80000,0x00000000d8000000)
 ParOldGen       total 138240K, used 85024K [0x0000000081600000, 0x0000000089d00000, 0x00000000d5d00000)
  object space 138240K, 61% used [0x0000000081600000,0x00000000869083c8,0x0000000089d00000)
 Metaspace       used 19428K, capacity 19684K, committed 20096K, reserved 1067008K
  class space    used 1725K, capacity 1805K, committed 1920K, reserved 1048576K
Event: 428.027 GC heap after
Heap after GC invocations=390 (full 2):
 PSYoungGen      total 32256K, used 2640K [0x00000000d5d00000, 0x00000000d8000000, 0x0000000100000000)
  eden space 28672K, 0% used [0x00000000d5d00000,0x00000000d5d00000,0x00000000d7900000)
  from space 3584K, 73% used [0x00000000d7c80000,0x00000000d7f14030,0x00000000d8000000)
  to   space 3584K, 0% used [0x00000000d7900000,0x00000000d7900000,0x00000000d7c80000)
 ParOldGen       total 138240K, used 85024K [0x0000000081600000, 0x0000000089d00000, 0x00000000d5d00000)
  object space 138240K, 61% used [0x0000000081600000,0x00000000869083c8,0x0000000089d00000)
 Metaspace       used 19428K, capacity 19684K, committed 20096K, reserved 1067008K
  class space    used 1725K, capacity 1805K, committed 1920K, reserved 1048576K
}
Event: 428.442 GC heap before
{Heap before GC invocations=391 (full 2):
 PSYoungGen      total 32256K, used 31205K [0x00000000d5d00000, 0x00000000d8000000, 0x0000000100000000)
  eden space 28672K, 99% used [0x00000000d5d00000,0x00000000d78e5440,0x00000000d7900000)
  from space 3584K, 73% used [0x00000000d7c80000,0x00000000d7f14030,0x00000000d8000000)
  to   space 3584K, 0% used [0x00000000d7900000,0x00000000d7900000,0x00000000d7c80000)
 ParOldGen       total 138240K, used 85024K [0x0000000081600000, 0x0000000089d00000, 0x00000000d5d00000)
  object space 138240K, 61% used [0x0000000081600000,0x00000000869083c8,0x0000000089d00000)
 Metaspace       used 19428K, capacity 19684K, committed 20096K, reserved 1067008K
  class space    used 1725K, capacity 1805K, committed 1920K, reserved 1048576K
Event: 428.444 GC heap after
Heap after GC invocations=391 (full 2):
 PSYoungGen      total 32256K, used 2672K [0x00000000d5d00000, 0x00000000d8000000, 0x0000000100000000)
  eden space 28672K, 0% used [0x00000000d5d00000,0x00000000d5d00000,0x00000000d7900000)
  from space 3584K, 74% used [0x00000000d7900000,0x00000000d7b9c030,0x00000000d7c80000)
  to   space 3584K, 0% used [0x00000000d7c80000,0x00000000d7c80000,0x00000000d8000000)
 ParOldGen       total 138240K, used 85024K [0x0000000081600000, 0x0000000089d00000, 0x00000000d5d00000)
  object space 138240K, 61% used [0x0000000081600000,0x00000000869083c8,0x0000000089d00000)
 Metaspace       used 19428K, capacity 19684K, committed 20096K, reserved 1067008K
  class space    used 1725K, capacity 1805K, committed 1920K, reserved 1048576K
}
Event: 428.860 GC heap before
{Heap before GC invocations=392 (full 2):
 PSYoungGen      total 32256K, used 31237K [0x00000000d5d00000, 0x00000000d8000000, 0x0000000100000000)
  eden space 28672K, 99% used [0x00000000d5d00000,0x00000000d78e56a8,0x00000000d7900000)
  from space 3584K, 74% used [0x00000000d7900000,0x00000000d7b9c030,0x00000000d7c80000)
  to   space 3584K, 0% used [0x00000000d7c80000,0x00000000d7c80000,0x00000000d8000000)
 ParOldGen       total 138240K, used 85024K [0x0000000081600000, 0x0000000089d00000, 0x00000000d5d00000)
  object space 138240K, 61% used [0x0000000081600000,0x00000000869083c8,0x0000000089d00000)
 Metaspace       used 19428K, capacity 19684K, committed 20096K, reserved 1067008K
  class space    used 1725K, capacity 1805K, committed 1920K, reserved 1048576K
Event: 428.863 GC heap after
Heap after GC invocations=392 (full 2):
 PSYoungGen      total 32768K, used 2672K [0x00000000d5d00000, 0x00000000d8200000, 0x0000000100000000)
  eden space 29184K, 0% used [0x00000000d5d00000,0x00000000d5d00000,0x00000000d7980000)
  from space 3584K, 74% used [0x00000000d7c80000,0x00000000d7f1c030,0x00000000d8000000)
  to   space 3072K, 0% used [0x00000000d7980000,0x00000000d7980000,0x00000000d7c80000)
 ParOldGen       total 138240K, used 85024K [0x0000000081600000, 0x0000000089d00000, 0x00000000d5d00000)
  object space 138240K, 61% used [0x0000000081600000,0x00000000869083c8,0x0000000089d00000)
 Metaspace       used 19428K, capacity 19684K, committed 20096K, reserved 1067008K
  class space    used 1725K, capacity 1805K, committed 1920K, reserved 1048576K
}
Event: 429.316 GC heap before
{Heap before GC invocations=393 (full 2):
 PSYoungGen      total 32768K, used 31274K [0x00000000d5d00000, 0x00000000d8200000, 0x0000000100000000)
  eden space 29184K, 98% used [0x00000000d5d00000,0x00000000d78ee808,0x00000000d7980000)
  from space 3584K, 74% used [0x00000000d7c80000,0x00000000d7f1c030,0x00000000d8000000)
  to   space 3072K, 0% used [0x00000000d7980000,0x00000000d7980000,0x00000000d7c80000)
 ParOldGen       total 138240K, used 85024K [0x0000000081600000, 0x0000000089d00000, 0x00000000d5d00000)
  object space 138240K, 61% used [0x0000000081600000,0x00000000869083c8,0x0000000089d00000)
 Metaspace       used 19428K, capacity 19684K, committed 20096K, reserved 1067008K
  class space    used 1725K, capacity 1805K, committed 1920K, reserved 1048576K
Event: 429.318 GC heap after
Heap after GC invocations=393 (full 2):
 PSYoungGen      total 32256K, used 2672K [0x00000000d5d00000, 0x00000000d8280000, 0x0000000100000000)
  eden space 29184K, 0% used [0x00000000d5d00000,0x00000000d5d00000,0x00000000d7980000)
  from space 3072K, 86% used [0x00000000d7980000,0x00000000d7c1c030,0x00000000d7c80000)
  to   space 3072K, 0% used [0x00000000d7f80000,0x00000000d7f80000,0x00000000d8280000)
 ParOldGen       total 138240K, used 85024K [0x0000000081600000, 0x0000000089d00000, 0x00000000d5d00000)
  object space 138240K, 61% used [0x0000000081600000,0x00000000869083c8,0x0000000089d00000)
 Metaspace       used 19428K, capacity 19684K, committed 20096K, reserved 1067008K
  class space    used 1725K, capacity 1805K, committed 1920K, reserved 1048576K
}
Event: 429.737 GC heap before
{Heap before GC invocations=394 (full 2):
 PSYoungGen      total 32256K, used 31539K [0x00000000d5d00000, 0x00000000d8280000, 0x0000000100000000)
  eden space 29184K, 98% used [0x00000000d5d00000,0x00000000d7930de8,0x00000000d7980000)
  from space 3072K, 86% used [0x00000000d7980000,0x00000000d7c1c030,0x00000000d7c80000)
  to   space 3072K, 0% used [0x00000000d7f80000,0x00000000d7f80000,0x00000000d8280000)
 ParOldGen       total 138240K, used 85024K [0x0000000081600000, 0x0000000089d00000, 0x00000000d5d00000)
  object space 138240K, 61% used [0x0000000081600000,0x00000000869083c8,0x0000000089d00000)
 Metaspace       used 19428K, capacity 19684K, committed 20096K, reserved 1067008K
  class space    used 1725K, capacity 1805K, committed 1920K, reserved 1048576K
Event: 429.739 GC heap after
Heap after GC invocations=394 (full 2):
 PSYoungGen      total 35328K, used 2704K [0x00000000d5d00000, 0x00000000d8280000, 0x0000000100000000)
  eden space 32256K, 0% used [0x00000000d5d00000,0x00000000d5d00000,0x00000000d7c80000)
  from space 3072K, 88% used [0x00000000d7f80000,0x00000000d8224030,0x00000000d8280000)
  to   space 3072K, 0% used [0x00000000d7c80000,0x00000000d7c80000,0x00000000d7f80000)
 ParOldGen       total 138240K, used 85024K [0x0000000081600000, 0x0000000089d00000, 0x00000000d5d00000)
  object space 138240K, 61% used [0x0000000081600000,0x00000000869083c8,0x0000000089d00000)
 Metaspace       used 19428K, capacity 19684K, committed 20096K, reserved 1067008K
  class space    used 1725K, capacity 1805K, committed 1920K, reserved 1048576K
}

