# JRE version: Java(TM) SE Runtime Environment (8.0_202-b08) (build 1.8.0_202-b08)
# Java VM: Java HotSpot(TM) 64-Bit Server VM (25.202-b08 mixed mode windows-amd64 compressed oops)
Heap:
 PSYoungGen      total 465408K, used 290659K [0x00000000d5d00000, 0x00000000ff400000, 0x0000000100000000)
  eden space 276480K, 58% used [0x00000000d5d00000,0x00000000dfbaa4e0,0x00000000e6b00000)
  from space 188928K, 67% used [0x00000000e6b00000,0x00000000ee82ea78,0x00000000f2380000)
  to   space 192512K, 0% used [0x00000000f3800000,0x00000000f3800000,0x00000000ff400000)
 ParOldGen       total 490496K, used 288949K [0x0000000081600000, 0x000000009f500000, 0x00000000d5d00000)
  object space 490496K, 58% used [0x0000000081600000,0x000000009302d4a0,0x000000009f500000)
 Metaspace       used 18920K, capacity 19144K, committed 19456K, reserved 1067008K
  class space    used 1684K, capacity 1763K, committed 1792K, reserved 1048576K
GC Heap History (10 events):
Event: 171.577 GC heap before
{Heap before GC invocations=76 (full 7):
 PSYoungGen      total 424960K, used 331260K [0x00000000d5d00000, 0x00000000fc100000, 0x0000000100000000)
  eden space 239616K, 100% used [0x00000000d5d00000,0x00000000e4700000,0x00000000e4700000)
  from space 185344K, 49% used [0x00000000f0c00000,0x00000000f657f268,0x00000000fc100000)
  to   space 193536K, 0% used [0x00000000e4700000,0x00000000e4700000,0x00000000f0400000)
 ParOldGen       total 490496K, used 288949K [0x0000000081600000, 0x000000009f500000, 0x00000000d5d00000)
  object space 490496K, 58% used [0x0000000081600000,0x000000009302d4a0,0x000000009f500000)
 Metaspace       used 18913K, capacity 19144K, committed 19456K, reserved 1067008K
  class space    used 1683K, capacity 1763K, committed 1792K, reserved 1048576K
Event: 171.642 GC heap after
Heap after GC invocations=76 (full 7):
 PSYoungGen      total 433152K, used 89788K [0x00000000d5d00000, 0x00000000fc500000, 0x0000000100000000)
  eden space 239616K, 0% used [0x00000000d5d00000,0x00000000d5d00000,0x00000000e4700000)
  from space 193536K, 46% used [0x00000000e4700000,0x00000000e9eaf268,0x00000000f0400000)
  to   space 184832K, 0% used [0x00000000f1080000,0x00000000f1080000,0x00000000fc500000)
 ParOldGen       total 490496K, used 288949K [0x0000000081600000, 0x000000009f500000, 0x00000000d5d00000)
  object space 490496K, 58% used [0x0000000081600000,0x000000009302d4a0,0x000000009f500000)
 Metaspace       used 18913K, capacity 19144K, committed 19456K, reserved 1067008K
  class space    used 1683K, capacity 1763K, committed 1792K, reserved 1048576K
}
Event: 171.940 GC heap before
{Heap before GC invocations=77 (full 7):
 PSYoungGen      total 433152K, used 329404K [0x00000000d5d00000, 0x00000000fc500000, 0x0000000100000000)
  eden space 239616K, 100% used [0x00000000d5d00000,0x00000000e4700000,0x00000000e4700000)
  from space 193536K, 46% used [0x00000000e4700000,0x00000000e9eaf268,0x00000000f0400000)
  to   space 184832K, 0% used [0x00000000f1080000,0x00000000f1080000,0x00000000fc500000)
 ParOldGen       total 490496K, used 288949K [0x0000000081600000, 0x000000009f500000, 0x00000000d5d00000)
  object space 490496K, 58% used [0x0000000081600000,0x000000009302d4a0,0x000000009f500000)
 Metaspace       used 18913K, capacity 19144K, committed 19456K, reserved 1067008K
  class space    used 1683K, capacity 1763K, committed 1792K, reserved 1048576K
Event: 172.004 GC heap after
Heap after GC invocations=77 (full 7):
 PSYoungGen      total 429568K, used 88636K [0x00000000d5d00000, 0x00000000fb500000, 0x0000000100000000)
  eden space 261120K, 0% used [0x00000000d5d00000,0x00000000d5d00000,0x00000000e5c00000)
  from space 168448K, 52% used [0x00000000f1080000,0x00000000f670f268,0x00000000fb500000)
  to   space 176640K, 0% used [0x00000000e5c00000,0x00000000e5c00000,0x00000000f0880000)
 ParOldGen       total 490496K, used 288949K [0x0000000081600000, 0x000000009f500000, 0x00000000d5d00000)
  object space 490496K, 58% used [0x0000000081600000,0x000000009302d4a0,0x000000009f500000)
 Metaspace       used 18913K, capacity 19144K, committed 19456K, reserved 1067008K
  class space    used 1683K, capacity 1763K, committed 1792K, reserved 1048576K
}
Event: 174.824 GC heap before
{Heap before GC invocations=78 (full 7):
 PSYoungGen      total 429568K, used 349756K [0x00000000d5d00000, 0x00000000fb500000, 0x0000000100000000)
  eden space 261120K, 100% used [0x00000000d5d00000,0x00000000e5c00000,0x00000000e5c00000)
  from space 168448K, 52% used [0x00000000f1080000,0x00000000f670f268,0x00000000fb500000)
  to   space 176640K, 0% used [0x00000000e5c00000,0x00000000e5c00000,0x00000000f0880000)
 ParOldGen       total 490496K, used 288949K [0x0000000081600000, 0x000000009f500000, 0x00000000d5d00000)
  object space 490496K, 58% used [0x0000000081600000,0x000000009302d4a0,0x000000009f500000)
 Metaspace       used 18913K, capacity 19144K, committed 19456K, reserved 1067008K
  class space    used 1683K, capacity 1763K, committed 1792K, reserved 1048576K
Event: 174.919 GC heap after
Heap after GC invocations=78 (full 7):
 PSYoungGen      total 437760K, used 128593K [0x00000000d5d00000, 0x00000000fd700000, 0x0000000100000000)
  eden space 261120K, 0% used [0x00000000d5d00000,0x00000000d5d00000,0x00000000e5c00000)
  from space 176640K, 72% used [0x00000000e5c00000,0x00000000ed994620,0x00000000f0880000)
  to   space 183808K, 0% used [0x00000000f2380000,0x00000000f2380000,0x00000000fd700000)
 ParOldGen       total 490496K, used 288949K [0x0000000081600000, 0x000000009f500000, 0x00000000d5d00000)
  object space 490496K, 58% used [0x0000000081600000,0x000000009302d4a0,0x000000009f500000)
 Metaspace       used 18913K, capacity 19144K, committed 19456K, reserved 1067008K
  class space    used 1683K, capacity 1763K, committed 1792K, reserved 1048576K
}
Event: 176.655 GC heap before
{Heap before GC invocations=79 (full 7):
 PSYoungGen      total 437760K, used 389482K [0x00000000d5d00000, 0x00000000fd700000, 0x0000000100000000)
  eden space 261120K, 99% used [0x00000000d5d00000,0x00000000e5bc6270,0x00000000e5c00000)
  from space 176640K, 72% used [0x00000000e5c00000,0x00000000ed994620,0x00000000f0880000)
  to   space 183808K, 0% used [0x00000000f2380000,0x00000000f2380000,0x00000000fd700000)
 ParOldGen       total 490496K, used 288949K [0x0000000081600000, 0x000000009f500000, 0x00000000d5d00000)
  object space 490496K, 58% used [0x0000000081600000,0x000000009302d4a0,0x000000009f500000)
 Metaspace       used 18914K, capacity 19144K, committed 19456K, reserved 1067008K
  class space    used 1683K, capacity 1763K, committed 1792K, reserved 1048576K
Event: 176.757 GC heap after
Heap after GC invocations=79 (full 7):
 PSYoungGen      total 460288K, used 129066K [0x00000000d5d00000, 0x00000000fdf00000, 0x0000000100000000)
  eden space 276480K, 0% used [0x00000000d5d00000,0x00000000d5d00000,0x00000000e6b00000)
  from space 183808K, 70% used [0x00000000f2380000,0x00000000fa18aa88,0x00000000fd700000)
  to   space 188928K, 0% used [0x00000000e6b00000,0x00000000e6b00000,0x00000000f2380000)
 ParOldGen       total 490496K, used 288949K [0x0000000081600000, 0x000000009f500000, 0x00000000d5d00000)
  object space 490496K, 58% used [0x0000000081600000,0x000000009302d4a0,0x000000009f500000)
 Metaspace       used 18914K, capacity 19144K, committed 19456K, reserved 1067008K
  class space    used 1683K, capacity 1763K, committed 1792K, reserved 1048576K
}
Event: 178.564 GC heap before
{Heap before GC invocations=80 (full 7):
 PSYoungGen      total 460288K, used 405048K [0x00000000d5d00000, 0x00000000fdf00000, 0x0000000100000000)
  eden space 276480K, 99% used [0x00000000d5d00000,0x00000000e6a83628,0x00000000e6b00000)
  from space 183808K, 70% used [0x00000000f2380000,0x00000000fa18aa88,0x00000000fd700000)
  to   space 188928K, 0% used [0x00000000e6b00000,0x00000000e6b00000,0x00000000f2380000)
 ParOldGen       total 490496K, used 288949K [0x0000000081600000, 0x000000009f500000, 0x00000000d5d00000)
  object space 490496K, 58% used [0x0000000081600000,0x000000009302d4a0,0x000000009f500000)
 Metaspace       used 18914K, capacity 19144K, committed 19456K, reserved 1067008K
  class space    used 1683K, capacity 1763K, committed 1792K, reserved 1048576K
Event: 178.656 GC heap after
Heap after GC invocations=80 (full 7):
 PSYoungGen      total 465408K, used 128186K [0x00000000d5d00000, 0x00000000ff400000, 0x0000000100000000)
  eden space 276480K, 0% used [0x00000000d5d00000,0x00000000d5d00000,0x00000000e6b00000)
  from space 188928K, 67% used [0x00000000e6b00000,0x00000000ee82ea78,0x00000000f2380000)
  to   space 192512K, 0% used [0x00000000f3800000,0x00000000f3800000,0x00000000ff400000)
 ParOldGen       total 490496K, used 288949K [0x0000000081600000, 0x000000009f500000, 0x00000000d5d00000)
  object space 490496K, 58% used [0x0000000081600000,0x000000009302d4a0,0x000000009f500000)
 Metaspace       used 18914K, capacity 19144K, committed 19456K, reserved 1067008K
  class space    used 1683K, capacity 1763K, committed 1792K, reserved 1048576K
}

